2019-11-12 10:11:39.886 [main]DEBUG com.sandu.dao.TbShopCategoryDao.queryShopCategory-==>  Preparing: select shop_category_id, shop_category_name, shop_category_desc, shop_category_img, priority, create_time, last_edit_time, parent_id from tb_shop_category ORDER BY priority DESC 
2019-11-12 10:11:39.985 [main]DEBUG com.sandu.dao.TbShopCategoryDao.queryShopCategory-==> Parameters: 
2019-11-12 10:17:52.113 [main]DEBUG com.sandu.dao.TbShopCategoryDao.queryShopCategory-==>  Preparing: select shop_category_id, shop_category_name, shop_category_desc, shop_category_img, priority, create_time, last_edit_time, parent_id from tb_shop_category ORDER BY priority DESC 
2019-11-12 10:17:52.191 [main]DEBUG com.sandu.dao.TbShopCategoryDao.queryShopCategory-==> Parameters: 
2019-11-12 10:17:52.215 [main]DEBUG com.sandu.dao.TbShopCategoryDao.queryShopCategory-<==      Total: 5
2019-11-12 10:20:40.084 [main]DEBUG com.sandu.dao.TbShopCategoryDao.queryShopCategory-==>  Preparing: select shop_category_id, shop_category_name, shop_category_desc, shop_category_img, priority, create_time, last_edit_time, parent_id from tb_shop_category ORDER BY priority DESC 
2019-11-12 10:20:40.143 [main]DEBUG com.sandu.dao.TbShopCategoryDao.queryShopCategory-==> Parameters: 
2019-11-12 10:20:40.176 [main]DEBUG com.sandu.dao.TbShopCategoryDao.queryShopCategory-<==      Total: 5
2019-11-12 10:25:00.523 [main]DEBUG com.sandu.dao.TbShopCategoryDao.queryShopCategory-==>  Preparing: select shop_category_id, shop_category_name, shop_category_desc, shop_category_img, priority, create_time, last_edit_time, parent_id from tb_shop_category WHERE parent_id = ? ORDER BY priority DESC 
2019-11-12 10:25:00.569 [main]DEBUG com.sandu.dao.TbShopCategoryDao.queryShopCategory-==> Parameters: null
2019-11-12 10:25:00.585 [main]DEBUG com.sandu.dao.TbShopCategoryDao.queryShopCategory-<==      Total: 0
2019-11-12 10:28:58.581 [main]DEBUG com.sandu.dao.TbShopCategoryDao.queryShopCategory-==>  Preparing: select shop_category_id, shop_category_name, shop_category_desc, shop_category_img, priority, create_time, last_edit_time, parent_id from tb_shop_category WHERE parent_id = ? ORDER BY priority DESC 
2019-11-12 10:28:58.658 [main]DEBUG com.sandu.dao.TbShopCategoryDao.queryShopCategory-==> Parameters: null
2019-11-12 10:28:58.675 [main]DEBUG com.sandu.dao.TbShopCategoryDao.queryShopCategory-<==      Total: 0
2019-11-12 10:35:39.866 [main]DEBUG com.sandu.dao.TbShopCategoryDao.queryShopCategory-==>  Preparing: select shop_category_id, shop_category_name, shop_category_desc, shop_category_img, priority, create_time, last_edit_time, parent_id from tb_shop_category WHERE parent_id = ? ORDER BY priority DESC 
2019-11-12 10:35:39.923 [main]DEBUG com.sandu.dao.TbShopCategoryDao.queryShopCategory-==> Parameters: null
2019-11-12 10:35:39.968 [main]DEBUG com.sandu.dao.TbShopCategoryDao.queryShopCategory-<==      Total: 0
2019-11-12 10:36:18.120 [main]DEBUG com.sandu.dao.TbShopCategoryDao.queryShopCategory-==>  Preparing: select shop_category_id, shop_category_name, shop_category_desc, shop_category_img, priority, create_time, last_edit_time, parent_id from tb_shop_category WHERE parent_id = ? ORDER BY priority DESC 
2019-11-12 10:36:18.201 [main]DEBUG com.sandu.dao.TbShopCategoryDao.queryShopCategory-==> Parameters: 1(Integer)
2019-11-12 10:36:18.222 [main]DEBUG com.sandu.dao.TbShopCategoryDao.queryShopCategory-<==      Total: 1
2019-11-12 10:37:31.851 [main]DEBUG com.sandu.dao.TbShopCategoryDao.queryShopCategory-==>  Preparing: select shop_category_id, shop_category_name, shop_category_desc, shop_category_img, priority, create_time, last_edit_time, parent_id from tb_shop_category WHERE parent_id = ? ORDER BY priority DESC 
2019-11-12 10:37:31.919 [main]DEBUG com.sandu.dao.TbShopCategoryDao.queryShopCategory-==> Parameters: 1(Integer)
2019-11-12 10:37:31.954 [main]DEBUG com.sandu.dao.TbShopCategoryDao.queryShopCategory-<==      Total: 1
2019-11-12 10:38:26.256 [main]DEBUG com.sandu.dao.TbShopCategoryDao.queryShopCategory-==>  Preparing: select shop_category_id, shop_category_name, shop_category_desc, shop_category_img, priority, create_time, last_edit_time, parent_id from tb_shop_category WHERE parent_id = ? ORDER BY priority DESC 
2019-11-12 10:38:26.319 [main]DEBUG com.sandu.dao.TbShopCategoryDao.queryShopCategory-==> Parameters: 1(Integer)
2019-11-12 10:38:26.344 [main]DEBUG com.sandu.dao.TbShopCategoryDao.queryShopCategory-<==      Total: 1
2019-11-12 10:39:40.590 [main]DEBUG com.sandu.dao.TbShopCategoryDao.queryShopCategory-==>  Preparing: select shop_category_id, shop_category_name, shop_category_desc, shop_category_img, priority, create_time, last_edit_time, parent_id from tb_shop_category WHERE parent_id = ? ORDER BY priority DESC 
2019-11-12 10:39:40.649 [main]DEBUG com.sandu.dao.TbShopCategoryDao.queryShopCategory-==> Parameters: 1(Integer)
2019-11-12 10:39:40.679 [main]DEBUG com.sandu.dao.TbShopCategoryDao.queryShopCategory-<==      Total: 1
2019-11-12 11:28:35.861 [main]DEBUG com.sandu.dao.TbShopCategoryDao.queryShopCategory-==>  Preparing: select shop_category_id, shop_category_name, shop_category_desc, shop_category_img, priority, create_time, last_edit_time, parent_id from tb_shop_category WHERE parent_id is not null and parent_id = ? ORDER BY priority DESC 
2019-11-12 11:28:35.922 [main]DEBUG com.sandu.dao.TbShopCategoryDao.queryShopCategory-==> Parameters: 1(Integer)
2019-11-12 11:28:35.968 [main]DEBUG com.sandu.dao.TbShopCategoryDao.queryShopCategory-<==      Total: 1
2019-11-12 11:29:05.265 [main]DEBUG com.sandu.dao.TbShopCategoryDao.queryShopCategory-==>  Preparing: select shop_category_id, shop_category_name, shop_category_desc, shop_category_img, priority, create_time, last_edit_time, parent_id from tb_shop_category WHERE parent_id is not null and parent_id = ? ORDER BY priority DESC 
2019-11-12 11:29:05.322 [main]DEBUG com.sandu.dao.TbShopCategoryDao.queryShopCategory-==> Parameters: null
2019-11-12 11:29:05.347 [main]DEBUG com.sandu.dao.TbShopCategoryDao.queryShopCategory-<==      Total: 0
2019-11-12 11:29:31.018 [main]DEBUG com.sandu.dao.TbShopCategoryDao.queryShopCategory-==>  Preparing: select shop_category_id, shop_category_name, shop_category_desc, shop_category_img, priority, create_time, last_edit_time, parent_id from tb_shop_category WHERE parent_id is not null and parent_id = ? ORDER BY priority DESC 
2019-11-12 11:29:31.091 [main]DEBUG com.sandu.dao.TbShopCategoryDao.queryShopCategory-==> Parameters: null
2019-11-12 11:29:31.113 [main]DEBUG com.sandu.dao.TbShopCategoryDao.queryShopCategory-<==      Total: 0
2019-11-12 11:30:02.542 [main]DEBUG com.sandu.dao.TbShopCategoryDao.queryShopCategory-==>  Preparing: select shop_category_id, shop_category_name, shop_category_desc, shop_category_img, priority, create_time, last_edit_time, parent_id from tb_shop_category WHERE parent_id is not null ORDER BY priority DESC 
2019-11-12 11:30:02.606 [main]DEBUG com.sandu.dao.TbShopCategoryDao.queryShopCategory-==> Parameters: 
2019-11-12 11:30:02.631 [main]DEBUG com.sandu.dao.TbShopCategoryDao.queryShopCategory-<==      Total: 2
